Version MSBuild 17.7.6+77d58ec69 pour .NET
  Determining projects to restore...
  Tous les projets sont à jour pour la restauration.
D:\Users\yohan\Bureau\Pyxelze-Light\Pyxelze\obj\Debug\net7.0-windows\.NETCoreApp,Version=v7.0.AssemblyAttributes.cs(4,12): error CS0579: Attribut 'global::System.Runtime.Versioning.TargetFrameworkAttribute' en double [D:\Users\yohan\Bureau\Pyxelze-Light\Pyxelze\Pyxelze.csproj]
D:\Users\yohan\Bureau\Pyxelze-Light\Pyxelze\obj\Debug\net7.0-windows\Pyxelze.AssemblyInfo.cs(13,12): error CS0579: Attribut 'System.Reflection.AssemblyCompanyAttribute' en double [D:\Users\yohan\Bureau\Pyxelze-Light\Pyxelze\Pyxelze.csproj]
D:\Users\yohan\Bureau\Pyxelze-Light\Pyxelze\obj\Debug\net7.0-windows\Pyxelze.AssemblyInfo.cs(14,12): error CS0579: Attribut 'System.Reflection.AssemblyConfigurationAttribute' en double [D:\Users\yohan\Bureau\Pyxelze-Light\Pyxelze\Pyxelze.csproj]
D:\Users\yohan\Bureau\Pyxelze-Light\Pyxelze\obj\Debug\net7.0-windows\Pyxelze.AssemblyInfo.cs(15,12): error CS0579: Attribut 'System.Reflection.AssemblyFileVersionAttribute' en double [D:\Users\yohan\Bureau\Pyxelze-Light\Pyxelze\Pyxelze.csproj]
D:\Users\yohan\Bureau\Pyxelze-Light\Pyxelze\obj\Debug\net7.0-windows\Pyxelze.AssemblyInfo.cs(16,12): error CS0579: Attribut 'System.Reflection.AssemblyInformationalVersionAttribute' en double [D:\Users\yohan\Bureau\Pyxelze-Light\Pyxelze\Pyxelze.csproj]
D:\Users\yohan\Bureau\Pyxelze-Light\Pyxelze\obj\Debug\net7.0-windows\Pyxelze.AssemblyInfo.cs(17,12): error CS0579: Attribut 'System.Reflection.AssemblyProductAttribute' en double [D:\Users\yohan\Bureau\Pyxelze-Light\Pyxelze\Pyxelze.csproj]
D:\Users\yohan\Bureau\Pyxelze-Light\Pyxelze\obj\Debug\net7.0-windows\Pyxelze.AssemblyInfo.cs(18,12): error CS0579: Attribut 'System.Reflection.AssemblyTitleAttribute' en double [D:\Users\yohan\Bureau\Pyxelze-Light\Pyxelze\Pyxelze.csproj]
D:\Users\yohan\Bureau\Pyxelze-Light\Pyxelze\obj\Debug\net7.0-windows\Pyxelze.AssemblyInfo.cs(19,12): error CS0579: Attribut 'System.Reflection.AssemblyVersionAttribute' en double [D:\Users\yohan\Bureau\Pyxelze-Light\Pyxelze\Pyxelze.csproj]
D:\Users\yohan\Bureau\Pyxelze-Light\Pyxelze\obj\Debug\net7.0-windows\Pyxelze.AssemblyInfo.cs(20,12): error CS0579: Attribut 'System.Runtime.Versioning.TargetPlatformAttribute' en double [D:\Users\yohan\Bureau\Pyxelze-Light\Pyxelze\Pyxelze.csproj]

ÉCHEC de la build.

D:\Users\yohan\Bureau\Pyxelze-Light\Pyxelze\obj\Debug\net7.0-windows\.NETCoreApp,Version=v7.0.AssemblyAttributes.cs(4,12): error CS0579: Attribut 'global::System.Runtime.Versioning.TargetFrameworkAttribute' en double [D:\Users\yohan\Bureau\Pyxelze-Light\Pyxelze\Pyxelze.csproj]
D:\Users\yohan\Bureau\Pyxelze-Light\Pyxelze\obj\Debug\net7.0-windows\Pyxelze.AssemblyInfo.cs(13,12): error CS0579: Attribut 'System.Reflection.AssemblyCompanyAttribute' en double [D:\Users\yohan\Bureau\Pyxelze-Light\Pyxelze\Pyxelze.csproj]
D:\Users\yohan\Bureau\Pyxelze-Light\Pyxelze\obj\Debug\net7.0-windows\Pyxelze.AssemblyInfo.cs(14,12): error CS0579: Attribut 'System.Reflection.AssemblyConfigurationAttribute' en double [D:\Users\yohan\Bureau\Pyxelze-Light\Pyxelze\Pyxelze.csproj]
D:\Users\yohan\Bureau\Pyxelze-Light\Pyxelze\obj\Debug\net7.0-windows\Pyxelze.AssemblyInfo.cs(15,12): error CS0579: Attribut 'System.Reflection.AssemblyFileVersionAttribute' en double [D:\Users\yohan\Bureau\Pyxelze-Light\Pyxelze\Pyxelze.csproj]
D:\Users\yohan\Bureau\Pyxelze-Light\Pyxelze\obj\Debug\net7.0-windows\Pyxelze.AssemblyInfo.cs(16,12): error CS0579: Attribut 'System.Reflection.AssemblyInformationalVersionAttribute' en double [D:\Users\yohan\Bureau\Pyxelze-Light\Pyxelze\Pyxelze.csproj]
D:\Users\yohan\Bureau\Pyxelze-Light\Pyxelze\obj\Debug\net7.0-windows\Pyxelze.AssemblyInfo.cs(17,12): error CS0579: Attribut 'System.Reflection.AssemblyProductAttribute' en double [D:\Users\yohan\Bureau\Pyxelze-Light\Pyxelze\Pyxelze.csproj]
D:\Users\yohan\Bureau\Pyxelze-Light\Pyxelze\obj\Debug\net7.0-windows\Pyxelze.AssemblyInfo.cs(18,12): error CS0579: Attribut 'System.Reflection.AssemblyTitleAttribute' en double [D:\Users\yohan\Bureau\Pyxelze-Light\Pyxelze\Pyxelze.csproj]
D:\Users\yohan\Bureau\Pyxelze-Light\Pyxelze\obj\Debug\net7.0-windows\Pyxelze.AssemblyInfo.cs(19,12): error CS0579: Attribut 'System.Reflection.AssemblyVersionAttribute' en double [D:\Users\yohan\Bureau\Pyxelze-Light\Pyxelze\Pyxelze.csproj]
D:\Users\yohan\Bureau\Pyxelze-Light\Pyxelze\obj\Debug\net7.0-windows\Pyxelze.AssemblyInfo.cs(20,12): error CS0579: Attribut 'System.Runtime.Versioning.TargetPlatformAttribute' en double [D:\Users\yohan\Bureau\Pyxelze-Light\Pyxelze\Pyxelze.csproj]
    0 Avertissement(s)
    9 Erreur(s)

Temps écoulé 00:00:01.83
